LOG: c:\main\private\packages\kafkanet.library\src\kafkanet.library\buildd.log
BUILD COMMAND: build.exe  -cC -w -g -F -e -amd64 

Start time: Mon Nov 30 16:45:02 2015
Launching process: buildc.exe /hideinfo /hostname localhost /hostport 28025
1>  *************
1>'buildc.exe /hideinfo /hostname localhost /hostport 28025'
BUILD: (ActiveWorkLoad)*, ElapsedTime(s),Counter,Available Memory (%),Disk I/O (ms),Disk Usage (%),CPU (%),Previous,New,Last Max,Permitted Threads,Running Threads,WorkItems (Available), WorkItems (Waiting),Pass,Priority,Directory
Executing prebuild commands  *************
1>build_pre_process.cmd: nmake /nologo /f c:\cxtcache\razzlebuildtools.corext.2.2.0\makefil0 versions
1> perl -S set_build_date.pl /builddate:151109-1701
1>ABOUT TO GET buildnum
1>(set_build_date.pl) c:\main\objd\amd64\__blddate__ current, leaving alone
1>(set_build_date.pl) c:\main\objd\amd64\buildname.txt current, leaving alone
1>(set_build_date.pl) c:\main\objd\amd64\__bldnum__ current, leaving alone
1>Executing Pass0 MSBuild Tasks c:\main\private\packages\kafkanet.library\src\kafkanet.library *************
1>'C:\cxtcache\MsBuild.Corext.12.0.21005.12\Path\MSBuild.cmd "kafkanet.library.csproj" /nologo /p:BuildingInSeparatePasses=true /p:BuildingWithBuildExe=true /clp:NoSummary /verbosity:normal  /clp:ShowCommandline /m:12 /nr:false  /clp:Summary /Target:Clean;BuildGenerated /p:MSBuildCleaning=true;Pass=Generate /p:ObjectPath=c:\main\private\packages\kafkanet.library\src\kafkanet.library\'
BUILD: Pass complete => PASS0
1>Executing Pass1 MSBuild Tasks c:\main\private\packages\kafkanet.library\src\kafkanet.library *************
1>'C:\cxtcache\MsBuild.Corext.12.0.21005.12\Path\MSBuild.cmd "kafkanet.library.csproj" /nologo /p:BuildingInSeparatePasses=true /p:BuildingWithBuildExe=true /clp:NoSummary /verbosity:normal  /clp:ShowCommandline /m:12 /nr:false  /clp:Summary /Target:BuildCompiled /p:Pass=Compile /p:ObjectPath=c:\main\private\packages\kafkanet.library\src\kafkanet.library\'
BUILD: (ActiveWorkLoad)*,1.30,CPU,49,0,1,23,12,0,0,0,0,0,0,PASS1,0,private\packages\kafkanet.library\src\kafkanet.library
1>Build started 11/30/2015 4:45:04 PM.
1>     1>Project "c:\main\private\packages\kafkanet.library\src\kafkanet.library\kafkanet.library.csproj" on node 1 (Build target(s)).
1>     1>_GetVersionInfo:
1>         Reading version information from version file : C:\main\public\inc\version.htm
1>         Build Version successfully read from C:\main\public\inc\version.htm as 7.07.0.0
1>       _PrepareBuildEnvironment:
1>         Setting LIB=
1>       GetFrameworkPaths:
1>         TargetFrameworkDirectory - [C:\cxtcache\DotNetFxRefAssemblies.Corext.4.5.1.1;C:\cxtcache\DotNetFxRefAssemblies.Corext.4.5.1.1\Facades]
1>       CoreCompile:
1>         C:\cxtcache\MsBuild.Corext.12.0.21005.12\v12.0\bin\Csc.exe /noconfig /nowarn:1701,1702 /fullpaths /nostdlib+ /errorreport:prompt /warn:0 /doc:objd\amd64\KafkaNET.Library.XML /define:TRACE;DEBUG;NET45;DEBUG;TRACE /highentropyva+ /reference:C:\main\private\packages\Log4net.Nuget\lib\net40-full\log4net.dll /reference:C:\main\private\packages\Zookeeper.Client.Nuget\lib\net40\Microsoft.Autopilot.Zookeeper.dll /reference:C:\cxtcache\DotNetFxRefAssemblies.Corext.4.5.1.1\Microsoft.CSharp.dll /reference:C:\cxtcache\DotNetFxRefAssemblies.Corext.4.5.1.1\mscorlib.dll /reference:C:\cxtcache\DotNetFxRefAssemblies.Corext.4.5.1.1\System.Configuration.dll /reference:C:\cxtcache\DotNetFxRefAssemblies.Corext.4.5.1.1\System.Core.dll /reference:C:\cxtcache\DotNetFxRefAssemblies.Corext.4.5.1.1\System.dll /reference:C:\cxtcache\DotNetFxRefAssemblies.Corext.4.5.1.1\System.Net.Http.dll /reference:C:\cxtcache\DotNetFxRefAssemblies.Corext.4.5.1.1\System.Net.Http.WebRequest.dll /reference:C:\cxtcache\DotNetFxRefAssemblies.Corext.4.5.1.1\System.Runtime.Serialization.dll /reference:C:\cxtcache\DotNetFxRefAssemblies.Corext.4.5.1.1\System.Web.Extensions.dll /reference:C:\cxtcache\DotNetFxRefAssemblies.Corext.4.5.1.1\System.Xml.dll /reference:C:\cxtcache\DotNetFxRefAssemblies.Corext.4.5.1.1\System.Xml.Linq.dll /debug+ /debug:full /filealign:512 /nologo /optimize- /out:objd\amd64\KafkaNET.Library.dll /subsystemversion:6.00 /target:library /warnaserror+ /utf8output Cfg\BrokerConfiguration.cs Cfg\BrokerConfigurationElement.cs Cfg\BrokerConfigurationElementCollection.cs Cfg\ConsumerConfiguration.cs Cfg\ConsumerConfigurationSection.cs Cfg\ISyncProducerConfigShared.cs Cfg\KafkaSimpleManagerConfiguration.cs Cfg\ProducerConfiguration.cs Cfg\ZooKeeperConfigurationElement.cs Cfg\ZooKeeperServerConfigurationElement.cs Cfg\ZooKeeperServerConfigurationElementCollection.cs Cluster\Cluster.cs Cluster\Partition.cs Cluster\Replica.cs Cluster\ZKBrokerInfo.cs Consumers\Consumer.cs Consumers\ConsumerGroupStatisticsRecord.cs Consumers\ConsumerIterator.cs Consumers\ConsumerIteratorState.cs Consumers\FetchedDataChunk.cs Consumers\Fetcher.cs Consumers\FetcherRunnable.cs Consumers\IConsumer.cs Consumers\IConsumerConnector.cs Consumers\KafkaMessageStream.cs Consumers\OffsetResponse.cs Consumers\PartitionFetchInfo.cs Consumers\PartitionLeaderFinder.cs Consumers\PartitionStatisticsRecord.cs Consumers\PartitionTopicInfo.cs Consumers\TopicCount.cs Consumers\TopicStatisticsRecord.cs Consumers\ZookeeperConsumerConnector.cs Examples\AdHocTestCases\TestHelper.cs Examples\AdHocTestCases\TestHelperOptions.cs Examples\Arguments\KafkaNETExampleCommandVerb.cs Examples\Arguments\KafkaNETExampleConstants.cs Examples\Arguments\KafkaNETExampleSubArguments.cs Examples\Arguments\KafkaNETExampleType.cs Examples\ConsumeGroupMonitor\ConsumeGroupMonitorHelper.cs Examples\ConsumeGroupMonitor\ConsumeGroupMonitorHelperOptions.cs Examples\ConsumeGroup\ConsumeGroupHelperOptions.cs Examples\ConsumeGroup\ConsumerGroupHelper.cs Examples\ConsumeSimple\ConsumeSimpleHelper.cs Examples\ConsumeSimple\ConsumeSimpleHelperOptions.cs Examples\KafkaNetLibraryExample.cs Examples\ProduceJavaEventServer\JavaEventServerPerfTestHelper.cs Examples\ProduceJavaEventServer\JavaEventServerPerfTestHelperOptions.cs Examples\ProduceMonitor\ProduceMonitorHelper.cs Examples\ProduceMonitor\ProduceMonitorHelperOptions.cs Examples\ProducePerfTest\PerfTestHelperBase.cs Examples\ProducePerfTest\PerfTestThreadParameter.cs Examples\ProducePerfTest\ProducePerfTestHelper.cs Examples\ProducePerfTest\ProducePerfTestHelperOptions.cs Examples\ProducePerfTest\ProducePerfTestKafkaSimpleManagerWrapper.cs Examples\ProduceSimple\ProduceSimpleHelper.cs Examples\ProduceSimple\ProduceSimpleHelperOptions.cs Examples\Topic\OffsetHelper.cs Examples\Topic\TopicHelper.cs Examples\Topic\TopicHelperArguments.cs ExceptionExtensions.cs Exceptions\BadMessageSizeFromKafkaException.cs Exceptions\BrokerNotAvailableException.cs Exceptions\ConsumerTimeoutException.cs Exceptions\IllegalQueueStateException.cs Exceptions\IllegalStateException.cs Exceptions\InvalidBrokerIdException.cs Exceptions\InvalidMessageSizeException.cs Exceptions\InvalidPartitionException.cs Exceptions\KafkaClientException.cs Exceptions\KafkaConsumeException.cs Exceptions\MessageSizeTooLargeException.cs Exceptions\NoBrokerForTopicException.cs Exceptions\NoBrokersForPartitionException.cs Exceptions\NoLeaderForPartitionException.cs Exceptions\NoLoaderForPartitionException.cs Exceptions\NoPartitionsForTopicException.cs Exceptions\NoSuchElementException.cs Exceptions\OffsetIsUnknowException.cs Exceptions\TimeStampTooSmallException.cs Exceptions\UnableToConnectToHostException.cs Exceptions\UnavailableProducerException.cs Exceptions\UnknownCodecException.cs Exceptions\ZKRebalancerException.cs Exceptions\ZooKeeperException.cs Exceptions\ZooKeeperTimeoutException.cs HelperObsolete\ConstantPartitioner.cs HelperObsolete\ConsumerHelper.cs HelperObsolete\KafkaClientHelper.cs HelperObsolete\KafkaClientHelperConfiguration.cs Helper\KafkaClientHelperUtils.cs HelperObsolete\KafkaClientHelperWrapper.cs Helper\KafkaOffsetType.cs Helper\KafkaSimpleManager.cs HelperObsolete\PullResponse.cs IKafkaConnection.cs KafkaConnection.cs Exceptions\KafkaException.cs KafkaStopWatch.cs Messages\BoundedBuffer.cs Messages\CompressionCodec.cs Messages\CompressionCodecs.cs Messages\CompressionUtils.cs Messages\Compression\BitArrayManipulation.cs Messages\Compression\ByteBuffer.cs Messages\Compression\SnappyCompress.cs Messages\Compression\SnappyDecompress.cs Messages\Compression\SnappyHelper.cs Messages\MessageAndOffset.cs Producers\DefaultCallbackHandler.cs Producers\ICallbackHandler.cs Producers\PartitionData.cs Producers\Partitioning\BrokerPartitionInfo.cs Producers\Partitioning\DefaultStringPartitioner.cs Producers\Partitioning\ModPartitioner.cs Producers\Partitioning\ModPartitionerForObjectKeyType.cs Producers\PartitionMetadata.cs Producers\ProduceDispatchSeralizeResult.cs Producers\Producer.StrMsg.cs Producers\ProducerSendResult.cs Producers\Sync\ISyncProducerPool.cs Producers\Sync\SyncProducerPool.cs Producers\TopicData.cs Producers\TopicMetadata.cs RequestContext.cs Requests\FetchRequestBuilder.cs Requests\TopicMetadataRequest.cs Responses\FetchResponse.cs Responses\FetchResponseWrapper.cs Responses\IResponseParser.cs Responses\ProducerResponse.cs Responses\TopicAndPartition.cs Serialization\DefaultDecoder.cs Serialization\IDecoder.cs Serialization\StringDecoder.cs Serialization\StringEncoder.cs Serialization\IWritable.cs Cfg\SyncProducerConfiguration.cs Cfg\ZooKeeperConfiguration.cs Cluster\Broker.cs Producers\Partitioning\DefaultPartitioner.cs KafkaClientBase.cs Serialization\DefaultEncoder.cs Serialization\KafkaBinaryReader.cs Serialization\KafkaBinaryWriter.cs Utils\ClusterHealthChecker.cs Utils\ConsumerOffsetChecker.cs Utils\ConsumerUtils.cs Utils\ErrorMapping.cs Utils\ExceptionFormatter.cs Utils\ExceptionUtil.cs Utils\Extensions.cs Utils\Guard.cs Utils\KafkaConsoleUtil.cs Utils\KafkaScheduler.cs Utils\Logger.cs Utils\ThreadSafeRandom.cs Utils\ZKGroupDirs.cs Utils\ZKGroupTopicDirs.cs Utils\ZkUtils.cs Messages\MessageSet.cs Messages\BufferedMessageSet.cs Producers\Partitioning\IBrokerPartitionInfo.cs Producers\Partitioning\IPartitioner.cs Producers\IProducer.cs Producers\Sync\ISyncProducer.cs Producers\ProducerPoolData.cs Producers\Sync\SyncProducer.cs Requests\AbstractRequest.cs Messages\Message.cs Producers\ProducerData.cs Requests\FetchRequest.cs Requests\OffsetRequest.cs Requests\ProducerRequest.cs Serialization\IEncoder.cs Utils\Crc32Hasher.cs Producers\Producer.cs Requests\RequestTypes.cs Utils\BitWorks.cs Utils\ReflectionHelper.cs ZooKeeperAwareKafkaClientBase.cs ZooKeeperIntegration\Events\ChildChangedEventItem.cs ZooKeeperIntegration\Events\DataChangedEventItem.cs ZooKeeperIntegration\Events\ZooKeeperChildChangedEventArgs.cs ZooKeeperIntegration\Events\ZooKeeperDataChangedEventArgs.cs ZooKeeperIntegration\Events\ZooKeeperEventArgs.cs ZooKeeperIntegration\Events\ZooKeeperEventTypes.cs ZooKeeperIntegration\Events\ZooKeeperSessionCreatedEventArgs.cs ZooKeeperIntegration\Events\ZooKeeperStateChangedEventArgs.cs ZooKeeperIntegration\IZooKeeperConnection.cs ZooKeeperIntegration\IZooKeeperClient.cs ZooKeeperIntegration\Listeners\BrokerTopicsListener.cs ZooKeeperIntegration\Listeners\IZooKeeperChildListener.cs ZooKeeperIntegration\Listeners\IZooKeeperDataListener.cs ZooKeeperIntegration\Listeners\IZooKeeperStateListener.cs ZooKeeperIntegration\Listeners\ZkPartitionLeaderListener.cs ZooKeeperIntegration\Listeners\ZKRebalancerListener.cs ZooKeeperIntegration\Listeners\ZKSessionExpireListener.cs ZooKeeperIntegration\ZooKeeperClient.Watcher.cs ZooKeeperIntegration\ZooKeeperConnection.cs ZooKeeperIntegration\ZooKeeperClient.cs ZooKeeperIntegration\IZooKeeperSerializer.cs ZooKeeperIntegration\ZooKeeperStringSerializer.cs objd\amd64\_generated.cs "C:\cxtcache\MsBuild.Corext.12.0.21005.12\Extensions\Override\etc\GeneratedAttributes\.NETFramework,Version=v4.5.AssemblyAttributes.cs"
1>       _CopyFilesMarkedCopyLocal:
1>         Copying file from "C:\main\private\packages\Log4net.Nuget\lib\net40-full\log4net.dll" to "C:\main\private\packages\kafkanet.library\src\kafkanet.library\objd\amd64\log4net.dll".
1>         Copying file from "C:\main\private\packages\Zookeeper.Client.Nuget\lib\net40\Microsoft.Autopilot.Zookeeper.dll" to "C:\main\private\packages\kafkanet.library\src\kafkanet.library\objd\amd64\Microsoft.Autopilot.Zookeeper.dll".
1>         Copying file from "C:\main\private\packages\Log4net.Nuget\lib\net40-full\log4net.xml" to "C:\main\private\packages\kafkanet.library\src\kafkanet.library\objd\amd64\log4net.xml".
1>         Copying file from "C:\main\private\packages\Zookeeper.Client.Nuget\lib\net40\Microsoft.Autopilot.Zookeeper.pdb" to "C:\main\private\packages\kafkanet.library\src\kafkanet.library\objd\amd64\Microsoft.Autopilot.Zookeeper.pdb".
1>       CopyFilesToOutputDirectory:
1>         kafkanet.library -> C:\main\private\packages\kafkanet.library\src\kafkanet.library\objd\amd64\KafkaNET.Library.dll
1>     1>Done Building Project "c:\main\private\packages\kafkanet.library\src\kafkanet.library\kafkanet.library.csproj" (Build target(s)).
1>Build succeeded.
1>    0 Warning(s)
1>    0 Error(s)
1>Time Elapsed 00:00:01.65
BUILD: Pass complete => PASS1
1>Executing Pass2 MSBuild Tasks c:\main\private\packages\kafkanet.library\src\kafkanet.library *************
1>'C:\cxtcache\MsBuild.Corext.12.0.21005.12\Path\MSBuild.cmd "kafkanet.library.csproj" /nologo /p:BuildingInSeparatePasses=true /p:BuildingWithBuildExe=true /clp:NoSummary /verbosity:normal  /clp:ShowCommandline /m:12 /nr:false  /clp:Summary /Target:BuildLinked /p:Pass=Link /p:ObjectPath=c:\main\private\packages\kafkanet.library\src\kafkanet.library\'
BUILD: (ActiveWorkLoad)*,3.30,CPU,49,0,5,17,12,0,0,0,0,0,0,PASS2,0,private\packages\kafkanet.library\src\kafkanet.library
BUILD: Pass complete => PASS2
Executing post build scripts  *************

1>Performing postbuild steps...  *************
1>'C:\cxtcache\RazzleBuildTools.Corext.2.2.0\buildpost.cmd '
1>Build_Status Verifying there are no debug build warnings
PERF: Set terminate event.
PERF: terminating perf data collector thread.
1>PERF: Waiting for performance monitor thread to terminate.
TP: Threadpool cleanup.
TP: Threadpool cleanup.
Finish time: Mon Nov 30 16:45:07 2015
BUILD: Done

    1 file compiled
